<?xml version="1.0" encoding="UTF-8"?>
<!-- Generated by org.testng.reporters.JUnitReportReporter -->
<testsuite hostname="Vineela" failures="0" tests="1" name="test.scripts.AutomationExercise" time="10.067" errors="0" timestamp="2025-05-09T22:37:57 IST" skipped="0">
  <testcase classname="test.scripts.AutomationExercise" name="testAddtoCart" time="10.067"/>
</testsuite> <!-- test.scripts.AutomationExercise -->
