<?xml version="1.0" encoding="UTF-8"?>
<!-- Generated by org.testng.reporters.JUnitReportReporter -->
<testsuite hostname="Vineela" failures="0" tests="1" name="test.scripts.ProductsToCart" time="0.573" errors="0" timestamp="2025-05-19T22:29:21 IST" skipped="0">
  <testcase classname="test.scripts.ProductsToCart" name="testItemsaddToCart" time="0.573"/>
</testsuite> <!-- test.scripts.ProductsToCart -->
