<?xml version="1.0" encoding="UTF-8"?>
<!-- Generated by org.testng.reporters.JUnitReportReporter -->
<testsuite hostname="Vineela" failures="0" tests="1" name="test.scripts.HyperlinksTest" time="15.456" errors="0" timestamp="2025-05-09T13:43:58 IST" skipped="0">
  <testcase classname="test.scripts.HyperlinksTest" name="checkHyperLinksOnAmazon" time="15.456"/>
</testsuite> <!-- test.scripts.HyperlinksTest -->
