<?xml version="1.0" encoding="UTF-8"?>
<!-- Generated by org.testng.reporters.JUnitReportReporter -->
<testsuite hostname="Vineela" failures="0" tests="1" name="test.scripts.ProductsToCart" time="1.243" errors="0" timestamp="2025-05-20T12:13:07 IST" skipped="0">
  <testcase classname="test.scripts.ProductsToCart" name="testItemsaddToCart" time="1.243"/>
</testsuite> <!-- test.scripts.ProductsToCart -->
