<?xml version="1.0" encoding="UTF-8"?>
<!-- Generated by org.testng.reporters.JUnitReportReporter -->
<testsuite hostname="Vineela" failures="0" tests="1" name="test.scripts.MyntraHomePageTest" time="6.847" errors="0" timestamp="2025-05-21T19:12:43 IST" skipped="0">
  <testcase classname="test.scripts.MyntraHomePageTest" name="testMyntraHomePageNavigations" time="6.847"/>
</testsuite> <!-- test.scripts.MyntraHomePageTest -->
