<?xml version="1.0" encoding="UTF-8"?>
<!-- Generated by org.testng.reporters.JUnitReportReporter -->
<testsuite hostname="Vineela" failures="0" tests="1" name="test.scripts.AutoSuggestive" time="4.510" errors="0" timestamp="2025-05-13T22:26:47 IST" skipped="0">
  <testcase classname="test.scripts.AutoSuggestive" name="autoSuggestiveDropDownTest" time="4.510"/>
</testsuite> <!-- test.scripts.AutoSuggestive -->
