<?xml version="1.0" encoding="UTF-8"?>
<!-- Generated by org.testng.reporters.JUnitReportReporter -->
<testsuite hostname="Vineela" failures="0" tests="1" name="test.scripts.AmazonHyperlinksTest" time="0.745" errors="0" timestamp="2025-05-09T13:34:29 IST" skipped="0">
  <testcase classname="test.scripts.AmazonHyperlinksTest" name="checkHyperLinksOnAmazon" time="0.745"/>
</testsuite> <!-- test.scripts.AmazonHyperlinksTest -->
