<?xml version="1.0" encoding="UTF-8"?>
<!-- Generated by org.testng.reporters.JUnitReportReporter -->
<testsuite hostname="Vineela" failures="0" tests="1" name="test.scripts.FBRegistrationTest" time="19.938" errors="0" timestamp="2025-03-16T01:02:21 IST" skipped="0">
  <testcase classname="test.scripts.FBRegistrationTest" name="TestFBRegistration" time="19.938"/>
</testsuite> <!-- test.scripts.FBRegistrationTest -->
