<?xml version="1.0" encoding="UTF-8"?>
<!-- Generated by org.testng.reporters.JUnitReportReporter -->
<testsuite hostname="Vineela" failures="0" tests="1" name="test.scripts.GmailRegistrationTest" time="28.742" errors="0" timestamp="2025-03-16T16:08:33 IST" skipped="0">
  <testcase classname="test.scripts.GmailRegistrationTest" name="TestGmailRegistration" time="28.742"/>
</testsuite> <!-- test.scripts.GmailRegistrationTest -->
