<?xml version="1.0" encoding="UTF-8"?>
<!-- Generated by org.testng.reporters.JUnitReportReporter -->
<testsuite hostname="Vineela" failures="0" tests="1" name="test.scripts.AutomationExercise" time="5.686" errors="0" timestamp="2025-05-09T22:52:11 IST" skipped="0">
  <testcase classname="test.scripts.AutomationExercise" name="testAddtoCart" time="5.686"/>
</testsuite> <!-- test.scripts.AutomationExercise -->
