<?xml version="1.0" encoding="UTF-8"?>
<!-- Generated by org.testng.reporters.JUnitReportReporter -->
<testsuite hostname="Vineela" failures="0" tests="1" name="test.scripts.SearchAndAddtoCartAmazon" time="52.721" errors="0" timestamp="2025-05-16T16:53:54 IST" skipped="0">
  <testcase classname="test.scripts.SearchAndAddtoCartAmazon" name="TestAddtoCart" time="52.721"/>
</testsuite> <!-- test.scripts.SearchAndAddtoCartAmazon -->
