<?xml version="1.0" encoding="UTF-8"?>
<!-- Generated by org.testng.reporters.JUnitReportReporter -->
<testsuite hostname="Vineela" failures="0" tests="1" name="test.scripts.FindFooterSectionLinsOnMyntraHomePageTest" time="47.119" errors="0" timestamp="2025-05-21T23:07:42 IST" skipped="0">
  <testcase classname="test.scripts.FindFooterSectionLinsOnMyntraHomePageTest" name="findFooterSectionLinks" time="47.119"/>
</testsuite> <!-- test.scripts.FindFooterSectionLinsOnMyntraHomePageTest -->
