<?xml version="1.0" encoding="UTF-8"?>
<!-- Generated by org.testng.reporters.JUnitReportReporter -->
<testsuite hostname="Vineela" failures="0" tests="1" name="test.scripts.HandleAlerts" time="2.860" errors="0" timestamp="2025-05-19T15:16:28 IST" skipped="0">
  <testcase classname="test.scripts.HandleAlerts" name="testAlerts" time="2.860"/>
</testsuite> <!-- test.scripts.HandleAlerts -->
